<?xml version="1.0" encoding="UTF-8"?>
<coverage generated="1646499077420" clover="3.2.0">
  <project timestamp="1646499077420" name="All files">
    <metrics statements="34" coveredstatements="30" conditionals="18" coveredconditionals="12" methods="5" coveredmethods="5" elements="57" coveredelements="47" complexity="0" loc="34" ncloc="34" packages="2" files="2" classes="2"/>
    <package name="random_question_app">
      <metrics statements="8" coveredstatements="8" conditionals="10" coveredconditionals="5" methods="2" coveredmethods="2"/>
      <file name="App.tsx" path="/Users/dplus-pro/Documents/GitHub/New-Repo/random_question_app/App.tsx">
        <metrics statements="8" coveredstatements="8" conditionals="10" coveredconditionals="5" methods="2" coveredmethods="2"/>
        <line num="32" count="1" type="stmt"/>
        <line num="33" count="4" type="stmt"/>
        <line num="34" count="4" type="stmt"/>
        <line num="58" count="1" type="stmt"/>
        <line num="59" count="1" type="stmt"/>
        <line num="61" count="1" type="stmt"/>
        <line num="65" count="1" type="stmt"/>
        <line num="96" count="1" type="stmt"/>
      </file>
    </package>
    <package name="random_question_app.app.utils">
      <metrics statements="26" coveredstatements="22" conditionals="8" coveredconditionals="7" methods="3" coveredmethods="3"/>
      <file name="storage.ts" path="/Users/dplus-pro/Documents/GitHub/New-Repo/random_question_app/app/utils/storage.ts">
        <metrics statements="26" coveredstatements="22" conditionals="8" coveredconditionals="7" methods="3" coveredmethods="3"/>
        <line num="3" count="1" type="stmt"/>
        <line num="10" count="1" type="stmt"/>
        <line num="11" count="4" type="stmt"/>
        <line num="12" count="4" type="stmt"/>
        <line num="13" count="4" type="stmt"/>
        <line num="14" count="4" type="cond" truecount="2" falsecount="0"/>
        <line num="15" count="2" type="stmt"/>
        <line num="17" count="2" type="stmt"/>
        <line num="19" count="0" type="stmt"/>
        <line num="20" count="0" type="stmt"/>
        <line num="24" count="1" type="stmt"/>
        <line num="25" count="5" type="stmt"/>
        <line num="26" count="5" type="cond" truecount="4" falsecount="0"/>
        <line num="27" count="2" type="stmt"/>
        <line num="29" count="3" type="stmt"/>
        <line num="30" count="3" type="stmt"/>
        <line num="31" count="3" type="stmt"/>
        <line num="32" count="3" type="cond" truecount="1" falsecount="1"/>
        <line num="33" count="0" type="stmt"/>
        <line num="35" count="3" type="stmt"/>
        <line num="37" count="3" type="stmt"/>
        <line num="39" count="2" type="stmt"/>
        <line num="43" count="1" type="stmt"/>
        <line num="44" count="8" type="stmt"/>
        <line num="45" count="8" type="stmt"/>
        <line num="47" count="0" type="stmt"/>
      </file>
    </package>
  </project>
</coverage>
