{"/Users/dplus-pro/Documents/GitHub/New-Repo/random_question_app/App.tsx": {"path":"/Users/dplus-pro/Documents/GitHub/New-Repo/random_question_app/App.tsx","statementMap":{"0":{"start":{"line":32,"column":5},"end":{"line":56,"column":1}},"1":{"start":{"line":33,"column":21},"end":{"line":33,"column":48}},"2":{"start":{"line":34,"column":2},"end":{"line":55,"column":4}},"3":{"start":{"line":58,"column":12},"end":{"line":94,"column":1}},"4":{"start":{"line":59,"column":21},"end":{"line":59,"column":48}},"5":{"start":{"line":61,"column":26},"end":{"line":63,"column":3}},"6":{"start":{"line":65,"column":2},"end":{"line":93,"column":4}},"7":{"start":{"line":96,"column":15},"end":{"line":113,"column":2}}},"fnMap":{"0":{"name":"(anonymous_0)","decl":{"start":{"line":32,"column":5},"end":{"line":32,"column":6}},"loc":{"start":{"line":32,"column":28},"end":{"line":56,"column":1}},"line":32},"1":{"name":"(anonymous_1)","decl":{"start":{"line":58,"column":12},"end":{"line":58,"column":13}},"loc":{"start":{"line":58,"column":18},"end":{"line":94,"column":1}},"line":58}},"branchMap":{"0":{"loc":{"start":{"line":40,"column":19},"end":{"line":40,"column":59}},"type":"cond-expr","locations":[{"start":{"line":40,"column":32},"end":{"line":40,"column":44}},{"start":{"line":40,"column":47},"end":{"line":40,"column":59}}],"line":40},"1":{"loc":{"start":{"line":49,"column":19},"end":{"line":49,"column":58}},"type":"cond-expr","locations":[{"start":{"line":49,"column":32},"end":{"line":49,"column":44}},{"start":{"line":49,"column":47},"end":{"line":49,"column":58}}],"line":49},"2":{"loc":{"start":{"line":62,"column":21},"end":{"line":62,"column":64}},"type":"cond-expr","locations":[{"start":{"line":62,"column":34},"end":{"line":62,"column":47}},{"start":{"line":62,"column":50},"end":{"line":62,"column":64}}],"line":62},"3":{"loc":{"start":{"line":67,"column":27},"end":{"line":67,"column":72}},"type":"cond-expr","locations":[{"start":{"line":67,"column":40},"end":{"line":67,"column":55}},{"start":{"line":67,"column":58},"end":{"line":67,"column":72}}],"line":67},"4":{"loc":{"start":{"line":74,"column":29},"end":{"line":74,"column":69}},"type":"cond-expr","locations":[{"start":{"line":74,"column":42},"end":{"line":74,"column":54}},{"start":{"line":74,"column":57},"end":{"line":74,"column":69}}],"line":74}},"s":{"0":1,"1":4,"2":4,"3":1,"4":1,"5":1,"6":1,"7":1},"f":{"0":4,"1":1},"b":{"0":[0,4],"1":[0,4],"2":[0,1],"3":[0,1],"4":[0,1]},"_coverageSchema":"1a1c01bbd47fc00a2c39e90264f33305004495a9","hash":"c02dfa90ce43cab76c024f615bdcd922fb0e0667"}
,"/Users/dplus-pro/Documents/GitHub/New-Repo/random_question_app/app/utils/storage.ts": {"path":"/Users/dplus-pro/Documents/GitHub/New-Repo/random_question_app/app/utils/storage.ts","statementMap":{"0":{"start":{"line":3,"column":24},"end":{"line":3,"column":38}},"1":{"start":{"line":10,"column":29},"end":{"line":22,"column":1}},"2":{"start":{"line":11,"column":2},"end":{"line":21,"column":3}},"3":{"start":{"line":12,"column":32},"end":{"line":12,"column":75}},"4":{"start":{"line":13,"column":40},"end":{"line":13,"column":66}},"5":{"start":{"line":14,"column":4},"end":{"line":16,"column":5}},"6":{"start":{"line":15,"column":6},"end":{"line":15,"column":24}},"7":{"start":{"line":17,"column":4},"end":{"line":17,"column":14}},"8":{"start":{"line":19,"column":4},"end":{"line":19,"column":74}},"9":{"start":{"line":20,"column":4},"end":{"line":20,"column":14}},"10":{"start":{"line":24,"column":34},"end":{"line":41,"column":1}},"11":{"start":{"line":25,"column":2},"end":{"line":40,"column":3}},"12":{"start":{"line":26,"column":4},"end":{"line":28,"column":5}},"13":{"start":{"line":27,"column":6},"end":{"line":27,"column":39}},"14":{"start":{"line":29,"column":32},"end":{"line":29,"column":75}},"15":{"start":{"line":30,"column":38},"end":{"line":30,"column":64}},"16":{"start":{"line":31,"column":32},"end":{"line":31,"column":51}},"17":{"start":{"line":32,"column":4},"end":{"line":36,"column":5}},"18":{"start":{"line":33,"column":6},"end":{"line":33,"column":33}},"19":{"start":{"line":35,"column":6},"end":{"line":35,"column":36}},"20":{"start":{"line":37,"column":4},"end":{"line":37,"column":76}},"21":{"start":{"line":39,"column":4},"end":{"line":39,"column":80}},"22":{"start":{"line":43,"column":28},"end":{"line":49,"column":1}},"23":{"start":{"line":44,"column":2},"end":{"line":48,"column":3}},"24":{"start":{"line":45,"column":4},"end":{"line":45,"column":31}},"25":{"start":{"line":47,"column":4},"end":{"line":47,"column":66}}},"fnMap":{"0":{"name":"(anonymous_0)","decl":{"start":{"line":10,"column":29},"end":{"line":10,"column":30}},"loc":{"start":{"line":10,"column":62},"end":{"line":22,"column":1}},"line":10},"1":{"name":"(anonymous_1)","decl":{"start":{"line":24,"column":34},"end":{"line":24,"column":35}},"loc":{"start":{"line":24,"column":94},"end":{"line":41,"column":1}},"line":24},"2":{"name":"(anonymous_2)","decl":{"start":{"line":43,"column":28},"end":{"line":43,"column":29}},"loc":{"start":{"line":43,"column":55},"end":{"line":49,"column":1}},"line":43}},"branchMap":{"0":{"loc":{"start":{"line":14,"column":4},"end":{"line":16,"column":5}},"type":"if","locations":[{"start":{"line":14,"column":4},"end":{"line":16,"column":5}},{"start":{},"end":{}}],"line":14},"1":{"loc":{"start":{"line":26,"column":4},"end":{"line":28,"column":5}},"type":"if","locations":[{"start":{"line":26,"column":4},"end":{"line":28,"column":5}},{"start":{},"end":{}}],"line":26},"2":{"loc":{"start":{"line":26,"column":8},"end":{"line":26,"column":48}},"type":"binary-expr","locations":[{"start":{"line":26,"column":8},"end":{"line":26,"column":19}},{"start":{"line":26,"column":23},"end":{"line":26,"column":48}}],"line":26},"3":{"loc":{"start":{"line":32,"column":4},"end":{"line":36,"column":5}},"type":"if","locations":[{"start":{"line":32,"column":4},"end":{"line":36,"column":5}},{"start":{"line":34,"column":11},"end":{"line":36,"column":5}}],"line":32}},"s":{"0":1,"1":1,"2":4,"3":4,"4":4,"5":4,"6":2,"7":2,"8":0,"9":0,"10":1,"11":5,"12":5,"13":2,"14":3,"15":3,"16":3,"17":3,"18":0,"19":3,"20":3,"21":2,"22":1,"23":8,"24":8,"25":0},"f":{"0":4,"1":5,"2":8},"b":{"0":[2,2],"1":[2,3],"2":[5,4],"3":[0,3]},"_coverageSchema":"1a1c01bbd47fc00a2c39e90264f33305004495a9","hash":"02091481adf7853a3f3bab4da5351211a56bb142"}
}
