TN:
SF:App.tsx
FN:32,(anonymous_0)
FN:58,(anonymous_1)
FNF:2
FNH:2
FNDA:4,(anonymous_0)
FNDA:1,(anonymous_1)
DA:32,1
DA:33,4
DA:34,4
DA:58,1
DA:59,1
DA:61,1
DA:65,1
DA:96,1
LF:8
LH:8
BRDA:40,0,0,0
BRDA:40,0,1,4
BRDA:49,1,0,0
BRDA:49,1,1,4
BRDA:62,2,0,0
BRDA:62,2,1,1
BRDA:67,3,0,0
BRDA:67,3,1,1
BRDA:74,4,0,0
BRDA:74,4,1,1
BRF:10
BRH:5
end_of_record
TN:
SF:app/utils/storage.ts
FN:10,(anonymous_0)
FN:24,(anonymous_1)
FN:43,(anonymous_2)
FNF:3
FNH:3
FNDA:4,(anonymous_0)
FNDA:5,(anonymous_1)
FNDA:8,(anonymous_2)
DA:3,1
DA:10,1
DA:11,4
DA:12,4
DA:13,4
DA:14,4
DA:15,2
DA:17,2
DA:19,0
DA:20,0
DA:24,1
DA:25,5
DA:26,5
DA:27,2
DA:29,3
DA:30,3
DA:31,3
DA:32,3
DA:33,0
DA:35,3
DA:37,3
DA:39,2
DA:43,1
DA:44,8
DA:45,8
DA:47,0
LF:26
LH:22
BRDA:14,0,0,2
BRDA:14,0,1,2
BRDA:26,1,0,2
BRDA:26,1,1,3
BRDA:26,2,0,5
BRDA:26,2,1,4
BRDA:32,3,0,0
BRDA:32,3,1,3
BRF:8
BRH:7
end_of_record
